<?xml version="1.0" encoding="UTF-8"?>
<!-- Generated by org.testng.reporters.JUnitXMLReporter -->
<testsuite hostname="DESKTOP-JIC27MP" ignored="0" name="Surefire test" tests="374" failures="0" timestamp="05 Jun 2020 08:17:30 GMT" time="380.424" errors="0">
  <testcase name="testCreateBooking on testCreateBooking(com.qa.test.controller.BookingControllerIntegrationTest)" time="7.355" classname="com.qa.test.controller.BookingControllerIntegrationTest"/>
  <testcase name="testGetAllBookings on testGetAllBookings(com.qa.test.controller.BookingControllerIntegrationTest)" time="7.392" classname="com.qa.test.controller.BookingControllerIntegrationTest"/>
  <testcase name="testUpdateBooking on testUpdateBooking(com.qa.test.controller.BookingControllerIntegrationTest)" time="7.443" classname="com.qa.test.controller.BookingControllerIntegrationTest"/>
  <testcase name="testDeleteBooking on testDeleteBooking(com.qa.test.controller.BookingControllerIntegrationTest)" time="7.502" classname="com.qa.test.controller.BookingControllerIntegrationTest"/>
  <testcase name="findBookingByIDTest on findBookingByIDTest(com.qa.test.controller.BookingControllerUnitTest)" time="0.145" classname="com.qa.test.controller.BookingControllerUnitTest"/>
  <testcase name="deleteBookingTest on deleteBookingTest(com.qa.test.controller.BookingControllerUnitTest)" time="0.149" classname="com.qa.test.controller.BookingControllerUnitTest"/>
  <testcase name="updateBookingsTest on updateBookingsTest(com.qa.test.controller.BookingControllerUnitTest)" time="0.152" classname="com.qa.test.controller.BookingControllerUnitTest"/>
  <testcase name="createBookingTest on createBookingTest(com.qa.test.controller.BookingControllerUnitTest)" time="0.156" classname="com.qa.test.controller.BookingControllerUnitTest"/>
  <testcase name="getAllBookingsTest on getAllBookingsTest(com.qa.test.controller.BookingControllerUnitTest)" time="0.16" classname="com.qa.test.controller.BookingControllerUnitTest"/>
  <testcase name="testDeleteComment on testDeleteComment(com.qa.test.controller.CommentControllerIntegrationTest)" time="0.021" classname="com.qa.test.controller.CommentControllerIntegrationTest"/>
  <testcase name="testCreateComment on testCreateComment(com.qa.test.controller.CommentControllerIntegrationTest)" time="0.033" classname="com.qa.test.controller.CommentControllerIntegrationTest"/>
  <testcase name="testUpdateComment on testUpdateComment(com.qa.test.controller.CommentControllerIntegrationTest)" time="0.045" classname="com.qa.test.controller.CommentControllerIntegrationTest"/>
  <testcase name="testGetAllComments on testGetAllComments(com.qa.test.controller.CommentControllerIntegrationTest)" time="0.054" classname="com.qa.test.controller.CommentControllerIntegrationTest"/>
  <testcase name="deleteCommentTest on deleteCommentTest(com.qa.test.controller.CommentControllerUnitTest)" time="0.024" classname="com.qa.test.controller.CommentControllerUnitTest"/>
  <testcase name="createCommentTest on createCommentTest(com.qa.test.controller.CommentControllerUnitTest)" time="0.025" classname="com.qa.test.controller.CommentControllerUnitTest"/>
  <testcase name="findCommentByIDTest on findCommentByIDTest(com.qa.test.controller.CommentControllerUnitTest)" time="0.027" classname="com.qa.test.controller.CommentControllerUnitTest"/>
  <testcase name="updateCommentsTest on updateCommentsTest(com.qa.test.controller.CommentControllerUnitTest)" time="0.028" classname="com.qa.test.controller.CommentControllerUnitTest"/>
  <testcase name="getAllCommentsTest on getAllCommentsTest(com.qa.test.controller.CommentControllerUnitTest)" time="0.029" classname="com.qa.test.controller.CommentControllerUnitTest"/>
  <testcase name="testDeleteMovie on testDeleteMovie(com.qa.test.controller.MovieControllerIntegrationTest)" time="1.352" classname="com.qa.test.controller.MovieControllerIntegrationTest"/>
  <testcase name="testGetMovie on testGetMovie(com.qa.test.controller.MovieControllerIntegrationTest)" time="1.371" classname="com.qa.test.controller.MovieControllerIntegrationTest"/>
  <testcase name="testUpdateMovie on testUpdateMovie(com.qa.test.controller.MovieControllerIntegrationTest)" time="1.388" classname="com.qa.test.controller.MovieControllerIntegrationTest"/>
  <testcase name="testCreateMovie on testCreateMovie(com.qa.test.controller.MovieControllerIntegrationTest)" time="1.4" classname="com.qa.test.controller.MovieControllerIntegrationTest"/>
  <testcase name="testGetAllMovies on testGetAllMovies(com.qa.test.controller.MovieControllerIntegrationTest)" time="1.414" classname="com.qa.test.controller.MovieControllerIntegrationTest"/>
  <testcase name="createMovieTest on createMovieTest(com.qa.test.controller.MovieControllerUnitTest)" time="0.023" classname="com.qa.test.controller.MovieControllerUnitTest"/>
  <testcase name="findMovieByIDTest on findMovieByIDTest(com.qa.test.controller.MovieControllerUnitTest)" time="0.025" classname="com.qa.test.controller.MovieControllerUnitTest"/>
  <testcase name="getAllMoviesTest on getAllMoviesTest(com.qa.test.controller.MovieControllerUnitTest)" time="0.027" classname="com.qa.test.controller.MovieControllerUnitTest"/>
  <testcase name="updateMoviesTest on updateMoviesTest(com.qa.test.controller.MovieControllerUnitTest)" time="0.029" classname="com.qa.test.controller.MovieControllerUnitTest"/>
  <testcase name="deleteMovieTest on deleteMovieTest(com.qa.test.controller.MovieControllerUnitTest)" time="0.031" classname="com.qa.test.controller.MovieControllerUnitTest"/>
  <testcase name="testUpdateShowTime on testUpdateShowTime(com.qa.test.controller.ShowTimeControllerIntegrationTest)" time="0.061" classname="com.qa.test.controller.ShowTimeControllerIntegrationTest"/>
  <testcase name="testCreateShowTime on testCreateShowTime(com.qa.test.controller.ShowTimeControllerIntegrationTest)" time="0.072" classname="com.qa.test.controller.ShowTimeControllerIntegrationTest"/>
  <testcase name="testGetAllShowTimes on testGetAllShowTimes(com.qa.test.controller.ShowTimeControllerIntegrationTest)" time="0.082" classname="com.qa.test.controller.ShowTimeControllerIntegrationTest"/>
  <testcase name="testDeleteShowTime on testDeleteShowTime(com.qa.test.controller.ShowTimeControllerIntegrationTest)" time="0.095" classname="com.qa.test.controller.ShowTimeControllerIntegrationTest"/>
  <testcase name="createShowTimeTest on createShowTimeTest(com.qa.test.controller.ShowTimeControllerUnitTest)" time="0.018" classname="com.qa.test.controller.ShowTimeControllerUnitTest"/>
  <testcase name="updateShowTimesTest on updateShowTimesTest(com.qa.test.controller.ShowTimeControllerUnitTest)" time="0.019" classname="com.qa.test.controller.ShowTimeControllerUnitTest"/>
  <testcase name="deleteShowTimeTest on deleteShowTimeTest(com.qa.test.controller.ShowTimeControllerUnitTest)" time="0.02" classname="com.qa.test.controller.ShowTimeControllerUnitTest"/>
  <testcase name="getAllShowTimesTest on getAllShowTimesTest(com.qa.test.controller.ShowTimeControllerUnitTest)" time="0.021" classname="com.qa.test.controller.ShowTimeControllerUnitTest"/>
  <testcase name="findShowTimeByIDTest on findShowTimeByIDTest(com.qa.test.controller.ShowTimeControllerUnitTest)" time="0.023" classname="com.qa.test.controller.ShowTimeControllerUnitTest"/>
  <testcase name="nullEmailOnBoth on nullEmailOnBoth(com.qa.test.domain.BookingTest)" time="0.002" classname="com.qa.test.domain.BookingTest"/>
  <testcase name="nullStudentNrOnBoth on nullStudentNrOnBoth(com.qa.test.domain.BookingTest)" time="0.002" classname="com.qa.test.domain.BookingTest"/>
  <testcase name="otherPhoneNumberDifferent on otherPhoneNumberDifferent(com.qa.test.domain.BookingTest)" time="0.002" classname="com.qa.test.domain.BookingTest"/>
  <testcase name="nullChildNr on nullChildNr(com.qa.test.domain.BookingTest)" time="0.002" classname="com.qa.test.domain.BookingTest"/>
  <testcase name="nullAdultNrOnBoth on nullAdultNrOnBoth(com.qa.test.domain.BookingTest)" time="0.002" classname="com.qa.test.domain.BookingTest"/>
  <testcase name="nullMovieName on nullMovieName(com.qa.test.domain.BookingTest)" time="0.002" classname="com.qa.test.domain.BookingTest"/>
  <testcase name="nullDateTimeOnBoth on nullDateTimeOnBoth(com.qa.test.domain.BookingTest)" time="0.002" classname="com.qa.test.domain.BookingTest"/>
  <testcase name="constructorWithoutId on constructorWithoutId(com.qa.test.domain.BookingTest)" time="0.002" classname="com.qa.test.domain.BookingTest"/>
  <testcase name="checkEqualityBetweenDifferentObjects on checkEqualityBetweenDifferentObjects(com.qa.test.domain.BookingTest)" time="0.003" classname="com.qa.test.domain.BookingTest"/>
  <testcase name="otherStudentNrDifferent on otherStudentNrDifferent(com.qa.test.domain.BookingTest)" time="0.003" classname="com.qa.test.domain.BookingTest"/>
  <testcase name="checkEquality on checkEquality(com.qa.test.domain.BookingTest)" time="0.003" classname="com.qa.test.domain.BookingTest"/>
  <testcase name="nullId on nullId(com.qa.test.domain.BookingTest)" time="0.003" classname="com.qa.test.domain.BookingTest"/>
  <testcase name="nullMovieOnBoth on nullMovieOnBoth(com.qa.test.domain.BookingTest)" time="0.003" classname="com.qa.test.domain.BookingTest"/>
  <testcase name="equalsWithNull on equalsWithNull(com.qa.test.domain.BookingTest)" time="0.003" classname="com.qa.test.domain.BookingTest"/>
  <testcase name="nullIdOnBoth on nullIdOnBoth(com.qa.test.domain.BookingTest)" time="0.003" classname="com.qa.test.domain.BookingTest"/>
  <testcase name="nullPhoneNumber on nullPhoneNumber(com.qa.test.domain.BookingTest)" time="0.004" classname="com.qa.test.domain.BookingTest"/>
  <testcase name="nullStudentNr on nullStudentNr(com.qa.test.domain.BookingTest)" time="0.004" classname="com.qa.test.domain.BookingTest"/>
  <testcase name="otherTotalPriceDifferent on otherTotalPriceDifferent(com.qa.test.domain.BookingTest)" time="0.004" classname="com.qa.test.domain.BookingTest"/>
  <testcase name="createBookingWithId on createBookingWithId(com.qa.test.domain.BookingTest)" time="0.004" classname="com.qa.test.domain.BookingTest"/>
  <testcase name="otherAdultNrDifferent on otherAdultNrDifferent(com.qa.test.domain.BookingTest)" time="0.004" classname="com.qa.test.domain.BookingTest"/>
  <testcase name="nullAdultNr on nullAdultNr(com.qa.test.domain.BookingTest)" time="0.005" classname="com.qa.test.domain.BookingTest"/>
  <testcase name="equalsWithDifferentObject on equalsWithDifferentObject(com.qa.test.domain.BookingTest)" time="0.005" classname="com.qa.test.domain.BookingTest"/>
  <testcase name="otherMovieDifferent on otherMovieDifferent(com.qa.test.domain.BookingTest)" time="0.004" classname="com.qa.test.domain.BookingTest"/>
  <testcase name="nullTotalPriceOnBoth on nullTotalPriceOnBoth(com.qa.test.domain.BookingTest)" time="0.004" classname="com.qa.test.domain.BookingTest"/>
  <testcase name="otherChildNrDifferent on otherChildNrDifferent(com.qa.test.domain.BookingTest)" time="0.004" classname="com.qa.test.domain.BookingTest"/>
  <testcase name="settersTest on settersTest(com.qa.test.domain.BookingTest)" time="0.005" classname="com.qa.test.domain.BookingTest"/>
  <testcase name="nullPhoneNumberOnBoth on nullPhoneNumberOnBoth(com.qa.test.domain.BookingTest)" time="0.005" classname="com.qa.test.domain.BookingTest"/>
  <testcase name="nullEmail on nullEmail(com.qa.test.domain.BookingTest)" time="0.005" classname="com.qa.test.domain.BookingTest"/>
  <testcase name="nullMovie on nullMovie(com.qa.test.domain.BookingTest)" time="0.005" classname="com.qa.test.domain.BookingTest"/>
  <testcase name="otherEmailDifferent on otherEmailDifferent(com.qa.test.domain.BookingTest)" time="0.005" classname="com.qa.test.domain.BookingTest"/>
  <testcase name="nullChildNrOnBoth on nullChildNrOnBoth(com.qa.test.domain.BookingTest)" time="0.005" classname="com.qa.test.domain.BookingTest"/>
  <testcase name="hashCodeTest on hashCodeTest(com.qa.test.domain.BookingTest)" time="0.005" classname="com.qa.test.domain.BookingTest"/>
  <testcase name="otherMovieNameDifferent on otherMovieNameDifferent(com.qa.test.domain.BookingTest)" time="0.006" classname="com.qa.test.domain.BookingTest"/>
  <testcase name="nullDateTime on nullDateTime(com.qa.test.domain.BookingTest)" time="0.006" classname="com.qa.test.domain.BookingTest"/>
  <testcase name="hashCodeTestWithNull on hashCodeTestWithNull(com.qa.test.domain.BookingTest)" time="0.006" classname="com.qa.test.domain.BookingTest"/>
  <testcase name="nullTotalPrice on nullTotalPrice(com.qa.test.domain.BookingTest)" time="0.006" classname="com.qa.test.domain.BookingTest"/>
  <testcase name="otherIdDifferent on otherIdDifferent(com.qa.test.domain.BookingTest)" time="0.006" classname="com.qa.test.domain.BookingTest"/>
  <testcase name="nullMovieNameOnBoth on nullMovieNameOnBoth(com.qa.test.domain.BookingTest)" time="0.006" classname="com.qa.test.domain.BookingTest"/>
  <testcase name="otherDateTimeDifferent on otherDateTimeDifferent(com.qa.test.domain.BookingTest)" time="0.006" classname="com.qa.test.domain.BookingTest"/>
  <testcase name="checkEqualityBetweenDifferentObjectsNullName on checkEqualityBetweenDifferentObjectsNullName(com.qa.test.domain.CommentTest)" time="0.001" classname="com.qa.test.domain.CommentTest"/>
  <testcase name="nullComment on nullComment(com.qa.test.domain.CommentTest)" time="0.001" classname="com.qa.test.domain.CommentTest"/>
  <testcase name="otherCommentDifferent on otherCommentDifferent(com.qa.test.domain.CommentTest)" time="0.001" classname="com.qa.test.domain.CommentTest"/>
  <testcase name="constructorWithoutId on constructorWithoutId(com.qa.test.domain.CommentTest)" time="0.001" classname="com.qa.test.domain.CommentTest"/>
  <testcase name="checkEqualityBetweenDifferentObjects on checkEqualityBetweenDifferentObjects(com.qa.test.domain.CommentTest)" time="0.001" classname="com.qa.test.domain.CommentTest"/>
  <testcase name="checkEquality on checkEquality(com.qa.test.domain.CommentTest)" time="0.002" classname="com.qa.test.domain.CommentTest"/>
  <testcase name="nullMovieTitleOnBoth on nullMovieTitleOnBoth(com.qa.test.domain.CommentTest)" time="0.002" classname="com.qa.test.domain.CommentTest"/>
  <testcase name="nullRatingOnBoth on nullRatingOnBoth(com.qa.test.domain.CommentTest)" time="0.002" classname="com.qa.test.domain.CommentTest"/>
  <testcase name="nullId on nullId(com.qa.test.domain.CommentTest)" time="0.002" classname="com.qa.test.domain.CommentTest"/>
  <testcase name="nullCommentOnBoth on nullCommentOnBoth(com.qa.test.domain.CommentTest)" time="0.002" classname="com.qa.test.domain.CommentTest"/>
  <testcase name="equalsWithNull on equalsWithNull(com.qa.test.domain.CommentTest)" time="0.002" classname="com.qa.test.domain.CommentTest"/>
  <testcase name="nullIdOnBoth on nullIdOnBoth(com.qa.test.domain.CommentTest)" time="0.002" classname="com.qa.test.domain.CommentTest"/>
  <testcase name="createCommentWithId on createCommentWithId(com.qa.test.domain.CommentTest)" time="0.002" classname="com.qa.test.domain.CommentTest"/>
  <testcase name="commentNamesNotEqual on commentNamesNotEqual(com.qa.test.domain.CommentTest)" time="0.002" classname="com.qa.test.domain.CommentTest"/>
  <testcase name="equalsWithDifferentObject on equalsWithDifferentObject(com.qa.test.domain.CommentTest)" time="0.002" classname="com.qa.test.domain.CommentTest"/>
  <testcase name="nullMovieTitle on nullMovieTitle(com.qa.test.domain.CommentTest)" time="0.002" classname="com.qa.test.domain.CommentTest"/>
  <testcase name="commentNameNullButOtherNameNotNull on commentNameNullButOtherNameNotNull(com.qa.test.domain.CommentTest)" time="0.002" classname="com.qa.test.domain.CommentTest"/>
  <testcase name="settersTest on settersTest(com.qa.test.domain.CommentTest)" time="0.002" classname="com.qa.test.domain.CommentTest"/>
  <testcase name="otherMovieTitleDifferent on otherMovieTitleDifferent(com.qa.test.domain.CommentTest)" time="0.002" classname="com.qa.test.domain.CommentTest"/>
  <testcase name="hashCodeTest on hashCodeTest(com.qa.test.domain.CommentTest)" time="0.002" classname="com.qa.test.domain.CommentTest"/>
  <testcase name="otherRatingDifferent on otherRatingDifferent(com.qa.test.domain.CommentTest)" time="0.002" classname="com.qa.test.domain.CommentTest"/>
  <testcase name="hashCodeTestWithNull on hashCodeTestWithNull(com.qa.test.domain.CommentTest)" time="0.002" classname="com.qa.test.domain.CommentTest"/>
  <testcase name="nullRating on nullRating(com.qa.test.domain.CommentTest)" time="0.002" classname="com.qa.test.domain.CommentTest"/>
  <testcase name="otherIdDifferent on otherIdDifferent(com.qa.test.domain.CommentTest)" time="0.003" classname="com.qa.test.domain.CommentTest"/>
  <testcase name="nullBodyOnBoth on nullBodyOnBoth(com.qa.test.domain.EmailTest)" time="0.001" classname="com.qa.test.domain.EmailTest"/>
  <testcase name="nullBody on nullBody(com.qa.test.domain.EmailTest)" time="0.001" classname="com.qa.test.domain.EmailTest"/>
  <testcase name="createEmailWithId on createEmailWithId(com.qa.test.domain.EmailTest)" time="0.002" classname="com.qa.test.domain.EmailTest"/>
  <testcase name="constructorWithoutId on constructorWithoutId(com.qa.test.domain.EmailTest)" time="0.002" classname="com.qa.test.domain.EmailTest"/>
  <testcase name="otherBodyDifferent on otherBodyDifferent(com.qa.test.domain.EmailTest)" time="0.002" classname="com.qa.test.domain.EmailTest"/>
  <testcase name="nullUsernameOnBoth on nullUsernameOnBoth(com.qa.test.domain.EmailTest)" time="0.002" classname="com.qa.test.domain.EmailTest"/>
  <testcase name="checkEqualityBetweenDifferentObjects on checkEqualityBetweenDifferentObjects(com.qa.test.domain.EmailTest)" time="0.002" classname="com.qa.test.domain.EmailTest"/>
  <testcase name="checkEquality on checkEquality(com.qa.test.domain.EmailTest)" time="0.001" classname="com.qa.test.domain.EmailTest"/>
  <testcase name="nullId on nullId(com.qa.test.domain.EmailTest)" time="0.001" classname="com.qa.test.domain.EmailTest"/>
  <testcase name="nullIdOnBoth on nullIdOnBoth(com.qa.test.domain.EmailTest)" time="0.001" classname="com.qa.test.domain.EmailTest"/>
  <testcase name="otherUsernameDifferent on otherUsernameDifferent(com.qa.test.domain.EmailTest)" time="0.002" classname="com.qa.test.domain.EmailTest"/>
  <testcase name="nullUsername on nullUsername(com.qa.test.domain.EmailTest)" time="0.002" classname="com.qa.test.domain.EmailTest"/>
  <testcase name="otherSubjectDifferent on otherSubjectDifferent(com.qa.test.domain.EmailTest)" time="0.002" classname="com.qa.test.domain.EmailTest"/>
  <testcase name="nullSubject on nullSubject(com.qa.test.domain.EmailTest)" time="0.002" classname="com.qa.test.domain.EmailTest"/>
  <testcase name="nulEmailOnBoth on nulEmailOnBoth(com.qa.test.domain.EmailTest)" time="0.002" classname="com.qa.test.domain.EmailTest"/>
  <testcase name="equalsWithDifferentObject on equalsWithDifferentObject(com.qa.test.domain.EmailTest)" time="0.003" classname="com.qa.test.domain.EmailTest"/>
  <testcase name="nullSubjectOnBoth on nullSubjectOnBoth(com.qa.test.domain.EmailTest)" time="0.003" classname="com.qa.test.domain.EmailTest"/>
  <testcase name="settersTest on settersTest(com.qa.test.domain.EmailTest)" time="0.003" classname="com.qa.test.domain.EmailTest"/>
  <testcase name="nullEmail on nullEmail(com.qa.test.domain.EmailTest)" time="0.004" classname="com.qa.test.domain.EmailTest"/>
  <testcase name="otherEmailDifferent on otherEmailDifferent(com.qa.test.domain.EmailTest)" time="0.004" classname="com.qa.test.domain.EmailTest"/>
  <testcase name="hashCodeTest on hashCodeTest(com.qa.test.domain.EmailTest)" time="0.004" classname="com.qa.test.domain.EmailTest"/>
  <testcase name="hashCodeTestWithNull on hashCodeTestWithNull(com.qa.test.domain.EmailTest)" time="0.004" classname="com.qa.test.domain.EmailTest"/>
  <testcase name="otherIdDifferent on otherIdDifferent(com.qa.test.domain.EmailTest)" time="0.004" classname="com.qa.test.domain.EmailTest"/>
  <testcase name="checkEqualityBetweenDifferentObjectsNullName on checkEqualityBetweenDifferentObjectsNullName(com.qa.test.domain.MovieTest)" time="0.002" classname="com.qa.test.domain.MovieTest"/>
  <testcase name="otherStatusDifferent on otherStatusDifferent(com.qa.test.domain.MovieTest)" time="0.002" classname="com.qa.test.domain.MovieTest"/>
  <testcase name="constructorWithoutId on constructorWithoutId(com.qa.test.domain.MovieTest)" time="0.002" classname="com.qa.test.domain.MovieTest"/>
  <testcase name="checkEqualityBetweenDifferentObjects on checkEqualityBetweenDifferentObjects(com.qa.test.domain.MovieTest)" time="0.002" classname="com.qa.test.domain.MovieTest"/>
  <testcase name="checkEquality on checkEquality(com.qa.test.domain.MovieTest)" time="0.002" classname="com.qa.test.domain.MovieTest"/>
  <testcase name="NullApiID on NullApiID(com.qa.test.domain.MovieTest)" time="0.003" classname="com.qa.test.domain.MovieTest"/>
  <testcase name="nullRatingOnBoth on nullRatingOnBoth(com.qa.test.domain.MovieTest)" time="0.003" classname="com.qa.test.domain.MovieTest"/>
  <testcase name="nullId on nullId(com.qa.test.domain.MovieTest)" time="0.003" classname="com.qa.test.domain.MovieTest"/>
  <testcase name="equalsWithNull on equalsWithNull(com.qa.test.domain.MovieTest)" time="0.003" classname="com.qa.test.domain.MovieTest"/>
  <testcase name="nullIdOnBoth on nullIdOnBoth(com.qa.test.domain.MovieTest)" time="0.003" classname="com.qa.test.domain.MovieTest"/>
  <testcase name="NullRating on NullRating(com.qa.test.domain.MovieTest)" time="0.003" classname="com.qa.test.domain.MovieTest"/>
  <testcase name="NullStatus on NullStatus(com.qa.test.domain.MovieTest)" time="0.003" classname="com.qa.test.domain.MovieTest"/>
  <testcase name="createMovieWithId on createMovieWithId(com.qa.test.domain.MovieTest)" time="0.003" classname="com.qa.test.domain.MovieTest"/>
  <testcase name="movieNamesNotEqual on movieNamesNotEqual(com.qa.test.domain.MovieTest)" time="0.002" classname="com.qa.test.domain.MovieTest"/>
  <testcase name="otherApiIDDifferent on otherApiIDDifferent(com.qa.test.domain.MovieTest)" time="0.002" classname="com.qa.test.domain.MovieTest"/>
  <testcase name="equalsWithDifferentObject on equalsWithDifferentObject(com.qa.test.domain.MovieTest)" time="0.003" classname="com.qa.test.domain.MovieTest"/>
  <testcase name="settersTest on settersTest(com.qa.test.domain.MovieTest)" time="0.003" classname="com.qa.test.domain.MovieTest"/>
  <testcase name="hashCodeTest on hashCodeTest(com.qa.test.domain.MovieTest)" time="0.003" classname="com.qa.test.domain.MovieTest"/>
  <testcase name="otherRatingDifferent on otherRatingDifferent(com.qa.test.domain.MovieTest)" time="0.003" classname="com.qa.test.domain.MovieTest"/>
  <testcase name="nullStatusOnBoth on nullStatusOnBoth(com.qa.test.domain.MovieTest)" time="0.004" classname="com.qa.test.domain.MovieTest"/>
  <testcase name="hashCodeTestWithNull on hashCodeTestWithNull(com.qa.test.domain.MovieTest)" time="0.004" classname="com.qa.test.domain.MovieTest"/>
  <testcase name="nullApiIDOnBoth on nullApiIDOnBoth(com.qa.test.domain.MovieTest)" time="0.004" classname="com.qa.test.domain.MovieTest"/>
  <testcase name="otherIdDifferent on otherIdDifferent(com.qa.test.domain.MovieTest)" time="0.004" classname="com.qa.test.domain.MovieTest"/>
  <testcase name="otherStatusDifferent on otherStatusDifferent(com.qa.test.domain.ResponseTest)" time="0.001" classname="com.qa.test.domain.ResponseTest"/>
  <testcase name="checkEquality on checkEquality(com.qa.test.domain.ResponseTest)" time="0.0" classname="com.qa.test.domain.ResponseTest"/>
  <testcase name="nullDetails on nullDetails(com.qa.test.domain.ResponseTest)" time="0.0" classname="com.qa.test.domain.ResponseTest"/>
  <testcase name="equalsWithNull on equalsWithNull(com.qa.test.domain.ResponseTest)" time="0.0" classname="com.qa.test.domain.ResponseTest"/>
  <testcase name="ResponseDetailsNullButOtherDetailsNotNull on ResponseDetailsNullButOtherDetailsNotNull(com.qa.test.domain.ResponseTest)" time="0.001" classname="com.qa.test.domain.ResponseTest"/>
  <testcase name="otherDetailsDifferent on otherDetailsDifferent(com.qa.test.domain.ResponseTest)" time="0.001" classname="com.qa.test.domain.ResponseTest"/>
  <testcase name="ResponseStatusNotEqual on ResponseStatusNotEqual(com.qa.test.domain.ResponseTest)" time="0.001" classname="com.qa.test.domain.ResponseTest"/>
  <testcase name="equalsWithDifferentObject on equalsWithDifferentObject(com.qa.test.domain.ResponseTest)" time="0.001" classname="com.qa.test.domain.ResponseTest"/>
  <testcase name="settersTest on settersTest(com.qa.test.domain.ResponseTest)" time="0.001" classname="com.qa.test.domain.ResponseTest"/>
  <testcase name="nullTime on nullTime(com.qa.test.domain.ShowTimeTest)" time="0.001" classname="com.qa.test.domain.ShowTimeTest"/>
  <testcase name="constructorWithoutId on constructorWithoutId(com.qa.test.domain.ShowTimeTest)" time="0.0" classname="com.qa.test.domain.ShowTimeTest"/>
  <testcase name="checkEqualityBetweenDifferentObjects on checkEqualityBetweenDifferentObjects(com.qa.test.domain.ShowTimeTest)" time="0.0" classname="com.qa.test.domain.ShowTimeTest"/>
  <testcase name="checkEquality on checkEquality(com.qa.test.domain.ShowTimeTest)" time="0.001" classname="com.qa.test.domain.ShowTimeTest"/>
  <testcase name="nullTimeOnBoth on nullTimeOnBoth(com.qa.test.domain.ShowTimeTest)" time="0.001" classname="com.qa.test.domain.ShowTimeTest"/>
  <testcase name="nullId on nullId(com.qa.test.domain.ShowTimeTest)" time="0.001" classname="com.qa.test.domain.ShowTimeTest"/>
  <testcase name="equalsWithNull on equalsWithNull(com.qa.test.domain.ShowTimeTest)" time="0.001" classname="com.qa.test.domain.ShowTimeTest"/>
  <testcase name="nullIdOnBoth on nullIdOnBoth(com.qa.test.domain.ShowTimeTest)" time="0.001" classname="com.qa.test.domain.ShowTimeTest"/>
  <testcase name="showTimeTimesNotEqual on showTimeTimesNotEqual(com.qa.test.domain.ShowTimeTest)" time="0.001" classname="com.qa.test.domain.ShowTimeTest"/>
  <testcase name="showTimeTimeNullButOtherNameNotNull on showTimeTimeNullButOtherNameNotNull(com.qa.test.domain.ShowTimeTest)" time="0.001" classname="com.qa.test.domain.ShowTimeTest"/>
  <testcase name="equalsWithDifferentObject on equalsWithDifferentObject(com.qa.test.domain.ShowTimeTest)" time="0.001" classname="com.qa.test.domain.ShowTimeTest"/>
  <testcase name="settersTest on settersTest(com.qa.test.domain.ShowTimeTest)" time="0.001" classname="com.qa.test.domain.ShowTimeTest"/>
  <testcase name="createShowTimeWithId on createShowTimeWithId(com.qa.test.domain.ShowTimeTest)" time="0.001" classname="com.qa.test.domain.ShowTimeTest"/>
  <testcase name="checkEqualityBetweenDifferentObjectsNullTimes on checkEqualityBetweenDifferentObjectsNullTimes(com.qa.test.domain.ShowTimeTest)" time="0.002" classname="com.qa.test.domain.ShowTimeTest"/>
  <testcase name="hashCodeTest on hashCodeTest(com.qa.test.domain.ShowTimeTest)" time="0.002" classname="com.qa.test.domain.ShowTimeTest"/>
  <testcase name="hashCodeTestWithNull on hashCodeTestWithNull(com.qa.test.domain.ShowTimeTest)" time="0.002" classname="com.qa.test.domain.ShowTimeTest"/>
  <testcase name="otherTimeDifferent on otherTimeDifferent(com.qa.test.domain.ShowTimeTest)" time="0.002" classname="com.qa.test.domain.ShowTimeTest"/>
  <testcase name="otherIdDifferent on otherIdDifferent(com.qa.test.domain.ShowTimeTest)" time="0.003" classname="com.qa.test.domain.ShowTimeTest"/>
  <testcase name="nullStudentNrOnBoth on nullStudentNrOnBoth(com.qa.test.dto.BookingDTOTest)" time="0.003" classname="com.qa.test.dto.BookingDTOTest"/>
  <testcase name="otherPhoneNumberDifferent on otherPhoneNumberDifferent(com.qa.test.dto.BookingDTOTest)" time="0.003" classname="com.qa.test.dto.BookingDTOTest"/>
  <testcase name="nullChildNr on nullChildNr(com.qa.test.dto.BookingDTOTest)" time="0.003" classname="com.qa.test.dto.BookingDTOTest"/>
  <testcase name="nullAdultNrOnBoth on nullAdultNrOnBoth(com.qa.test.dto.BookingDTOTest)" time="0.002" classname="com.qa.test.dto.BookingDTOTest"/>
  <testcase name="nullMovieName on nullMovieName(com.qa.test.dto.BookingDTOTest)" time="0.002" classname="com.qa.test.dto.BookingDTOTest"/>
  <testcase name="nullDateTimeOnBoth on nullDateTimeOnBoth(com.qa.test.dto.BookingDTOTest)" time="0.002" classname="com.qa.test.dto.BookingDTOTest"/>
  <testcase name="constructorWithoutId on constructorWithoutId(com.qa.test.dto.BookingDTOTest)" time="0.002" classname="com.qa.test.dto.BookingDTOTest"/>
  <testcase name="checkEqualityBetweenDifferentObjects on checkEqualityBetweenDifferentObjects(com.qa.test.dto.BookingDTOTest)" time="0.003" classname="com.qa.test.dto.BookingDTOTest"/>
  <testcase name="nullEmailAddress on nullEmailAddress(com.qa.test.dto.BookingDTOTest)" time="0.003" classname="com.qa.test.dto.BookingDTOTest"/>
  <testcase name="otherStudentNrDifferent on otherStudentNrDifferent(com.qa.test.dto.BookingDTOTest)" time="0.003" classname="com.qa.test.dto.BookingDTOTest"/>
  <testcase name="checkEquality on checkEquality(com.qa.test.dto.BookingDTOTest)" time="0.003" classname="com.qa.test.dto.BookingDTOTest"/>
  <testcase name="nullId on nullId(com.qa.test.dto.BookingDTOTest)" time="0.003" classname="com.qa.test.dto.BookingDTOTest"/>
  <testcase name="equalsWithNull on equalsWithNull(com.qa.test.dto.BookingDTOTest)" time="0.003" classname="com.qa.test.dto.BookingDTOTest"/>
  <testcase name="nullIdOnBoth on nullIdOnBoth(com.qa.test.dto.BookingDTOTest)" time="0.003" classname="com.qa.test.dto.BookingDTOTest"/>
  <testcase name="nullPhoneNumber on nullPhoneNumber(com.qa.test.dto.BookingDTOTest)" time="0.004" classname="com.qa.test.dto.BookingDTOTest"/>
  <testcase name="nullStudentNr on nullStudentNr(com.qa.test.dto.BookingDTOTest)" time="0.004" classname="com.qa.test.dto.BookingDTOTest"/>
  <testcase name="nullEmailAddressOnBoth on nullEmailAddressOnBoth(com.qa.test.dto.BookingDTOTest)" time="0.004" classname="com.qa.test.dto.BookingDTOTest"/>
  <testcase name="otherTotalPriceDifferent on otherTotalPriceDifferent(com.qa.test.dto.BookingDTOTest)" time="0.004" classname="com.qa.test.dto.BookingDTOTest"/>
  <testcase name="otherCustomerNameDifferent on otherCustomerNameDifferent(com.qa.test.dto.BookingDTOTest)" time="0.005" classname="com.qa.test.dto.BookingDTOTest"/>
  <testcase name="otherAdultNrDifferent on otherAdultNrDifferent(com.qa.test.dto.BookingDTOTest)" time="0.005" classname="com.qa.test.dto.BookingDTOTest"/>
  <testcase name="otherEmailAddressDifferent on otherEmailAddressDifferent(com.qa.test.dto.BookingDTOTest)" time="0.005" classname="com.qa.test.dto.BookingDTOTest"/>
  <testcase name="nullAdultNr on nullAdultNr(com.qa.test.dto.BookingDTOTest)" time="0.005" classname="com.qa.test.dto.BookingDTOTest"/>
  <testcase name="equalsWithDifferentObject on equalsWithDifferentObject(com.qa.test.dto.BookingDTOTest)" time="0.005" classname="com.qa.test.dto.BookingDTOTest"/>
  <testcase name="nullTotalPriceOnBoth on nullTotalPriceOnBoth(com.qa.test.dto.BookingDTOTest)" time="0.005" classname="com.qa.test.dto.BookingDTOTest"/>
  <testcase name="nullCustomerName on nullCustomerName(com.qa.test.dto.BookingDTOTest)" time="0.004" classname="com.qa.test.dto.BookingDTOTest"/>
  <testcase name="otherChildNrDifferent on otherChildNrDifferent(com.qa.test.dto.BookingDTOTest)" time="0.004" classname="com.qa.test.dto.BookingDTOTest"/>
  <testcase name="settersTest on settersTest(com.qa.test.dto.BookingDTOTest)" time="0.005" classname="com.qa.test.dto.BookingDTOTest"/>
  <testcase name="nullPhoneNumberOnBoth on nullPhoneNumberOnBoth(com.qa.test.dto.BookingDTOTest)" time="0.005" classname="com.qa.test.dto.BookingDTOTest"/>
  <testcase name="nullChildNrOnBoth on nullChildNrOnBoth(com.qa.test.dto.BookingDTOTest)" time="0.005" classname="com.qa.test.dto.BookingDTOTest"/>
  <testcase name="hashCodeTest on hashCodeTest(com.qa.test.dto.BookingDTOTest)" time="0.005" classname="com.qa.test.dto.BookingDTOTest"/>
  <testcase name="otherMovieNameDifferent on otherMovieNameDifferent(com.qa.test.dto.BookingDTOTest)" time="0.005" classname="com.qa.test.dto.BookingDTOTest"/>
  <testcase name="nullDateTime on nullDateTime(com.qa.test.dto.BookingDTOTest)" time="0.005" classname="com.qa.test.dto.BookingDTOTest"/>
  <testcase name="createBookingDTOWithId on createBookingDTOWithId(com.qa.test.dto.BookingDTOTest)" time="0.005" classname="com.qa.test.dto.BookingDTOTest"/>
  <testcase name="hashCodeTestWithNull on hashCodeTestWithNull(com.qa.test.dto.BookingDTOTest)" time="0.005" classname="com.qa.test.dto.BookingDTOTest"/>
  <testcase name="nullTotalPrice on nullTotalPrice(com.qa.test.dto.BookingDTOTest)" time="0.006" classname="com.qa.test.dto.BookingDTOTest"/>
  <testcase name="otherIdDifferent on otherIdDifferent(com.qa.test.dto.BookingDTOTest)" time="0.006" classname="com.qa.test.dto.BookingDTOTest"/>
  <testcase name="nullMovieNameOnBoth on nullMovieNameOnBoth(com.qa.test.dto.BookingDTOTest)" time="0.006" classname="com.qa.test.dto.BookingDTOTest"/>
  <testcase name="nullCustomerNameOnBoth on nullCustomerNameOnBoth(com.qa.test.dto.BookingDTOTest)" time="0.006" classname="com.qa.test.dto.BookingDTOTest"/>
  <testcase name="otherDateTimeDifferent on otherDateTimeDifferent(com.qa.test.dto.BookingDTOTest)" time="0.006" classname="com.qa.test.dto.BookingDTOTest"/>
  <testcase name="nullEmailOnBoth on nullEmailOnBoth(com.qa.test.dto.EmailDTOTest)" time="0.001" classname="com.qa.test.dto.EmailDTOTest"/>
  <testcase name="nullBodyOnBoth on nullBodyOnBoth(com.qa.test.dto.EmailDTOTest)" time="0.001" classname="com.qa.test.dto.EmailDTOTest"/>
  <testcase name="nullBody on nullBody(com.qa.test.dto.EmailDTOTest)" time="0.001" classname="com.qa.test.dto.EmailDTOTest"/>
  <testcase name="constructorWithoutId on constructorWithoutId(com.qa.test.dto.EmailDTOTest)" time="0.001" classname="com.qa.test.dto.EmailDTOTest"/>
  <testcase name="otherBodyDifferent on otherBodyDifferent(com.qa.test.dto.EmailDTOTest)" time="0.001" classname="com.qa.test.dto.EmailDTOTest"/>
  <testcase name="nullUsernameOnBoth on nullUsernameOnBoth(com.qa.test.dto.EmailDTOTest)" time="0.002" classname="com.qa.test.dto.EmailDTOTest"/>
  <testcase name="checkEqualityBetweenDifferentObjects on checkEqualityBetweenDifferentObjects(com.qa.test.dto.EmailDTOTest)" time="0.002" classname="com.qa.test.dto.EmailDTOTest"/>
  <testcase name="checkEquality on checkEquality(com.qa.test.dto.EmailDTOTest)" time="0.002" classname="com.qa.test.dto.EmailDTOTest"/>
  <testcase name="nullId on nullId(com.qa.test.dto.EmailDTOTest)" time="0.014" classname="com.qa.test.dto.EmailDTOTest"/>
  <testcase name="equalsWithNull on equalsWithNull(com.qa.test.dto.EmailDTOTest)" time="0.014" classname="com.qa.test.dto.EmailDTOTest"/>
  <testcase name="nullIdOnBoth on nullIdOnBoth(com.qa.test.dto.EmailDTOTest)" time="0.016" classname="com.qa.test.dto.EmailDTOTest"/>
  <testcase name="createEmailDTOWithId on createEmailDTOWithId(com.qa.test.dto.EmailDTOTest)" time="0.016" classname="com.qa.test.dto.EmailDTOTest"/>
  <testcase name="otherUsernameDifferent on otherUsernameDifferent(com.qa.test.dto.EmailDTOTest)" time="0.016" classname="com.qa.test.dto.EmailDTOTest"/>
  <testcase name="nullUsername on nullUsername(com.qa.test.dto.EmailDTOTest)" time="0.016" classname="com.qa.test.dto.EmailDTOTest"/>
  <testcase name="otherSubjectDifferent on otherSubjectDifferent(com.qa.test.dto.EmailDTOTest)" time="0.016" classname="com.qa.test.dto.EmailDTOTest"/>
  <testcase name="nullSubject on nullSubject(com.qa.test.dto.EmailDTOTest)" time="0.017" classname="com.qa.test.dto.EmailDTOTest"/>
  <testcase name="equalsWithDifferentObject on equalsWithDifferentObject(com.qa.test.dto.EmailDTOTest)" time="0.017" classname="com.qa.test.dto.EmailDTOTest"/>
  <testcase name="nullSubjectOnBoth on nullSubjectOnBoth(com.qa.test.dto.EmailDTOTest)" time="0.017" classname="com.qa.test.dto.EmailDTOTest"/>
  <testcase name="settersTest on settersTest(com.qa.test.dto.EmailDTOTest)" time="0.017" classname="com.qa.test.dto.EmailDTOTest"/>
  <testcase name="nullEmail on nullEmail(com.qa.test.dto.EmailDTOTest)" time="0.016" classname="com.qa.test.dto.EmailDTOTest"/>
  <testcase name="otherEmailDifferent on otherEmailDifferent(com.qa.test.dto.EmailDTOTest)" time="0.016" classname="com.qa.test.dto.EmailDTOTest"/>
  <testcase name="hashCodeTest on hashCodeTest(com.qa.test.dto.EmailDTOTest)" time="0.016" classname="com.qa.test.dto.EmailDTOTest"/>
  <testcase name="hashCodeTestWithNull on hashCodeTestWithNull(com.qa.test.dto.EmailDTOTest)" time="0.016" classname="com.qa.test.dto.EmailDTOTest"/>
  <testcase name="otherIdDifferent on otherIdDifferent(com.qa.test.dto.EmailDTOTest)" time="0.016" classname="com.qa.test.dto.EmailDTOTest"/>
  <testcase name="checkEqualityBetweenDifferentObjectsNullName on checkEqualityBetweenDifferentObjectsNullName(com.qa.test.dto.MovieDTOTest)" time="0.001" classname="com.qa.test.dto.MovieDTOTest"/>
  <testcase name="constructorWithoutId on constructorWithoutId(com.qa.test.dto.MovieDTOTest)" time="0.001" classname="com.qa.test.dto.MovieDTOTest"/>
  <testcase name="checkEqualityBetweenDifferentObjects on checkEqualityBetweenDifferentObjects(com.qa.test.dto.MovieDTOTest)" time="0.001" classname="com.qa.test.dto.MovieDTOTest"/>
  <testcase name="createMovieDTOWithId on createMovieDTOWithId(com.qa.test.dto.MovieDTOTest)" time="0.001" classname="com.qa.test.dto.MovieDTOTest"/>
  <testcase name="checkEquality on checkEquality(com.qa.test.dto.MovieDTOTest)" time="0.001" classname="com.qa.test.dto.MovieDTOTest"/>
  <testcase name="nullId on nullId(com.qa.test.dto.MovieDTOTest)" time="0.001" classname="com.qa.test.dto.MovieDTOTest"/>
  <testcase name="equalsWithNull on equalsWithNull(com.qa.test.dto.MovieDTOTest)" time="0.001" classname="com.qa.test.dto.MovieDTOTest"/>
  <testcase name="nullIdOnBoth on nullIdOnBoth(com.qa.test.dto.MovieDTOTest)" time="0.001" classname="com.qa.test.dto.MovieDTOTest"/>
  <testcase name="equalsWithDifferentObject on equalsWithDifferentObject(com.qa.test.dto.MovieDTOTest)" time="0.001" classname="com.qa.test.dto.MovieDTOTest"/>
  <testcase name="settersTest on settersTest(com.qa.test.dto.MovieDTOTest)" time="0.002" classname="com.qa.test.dto.MovieDTOTest"/>
  <testcase name="hashCodeTest on hashCodeTest(com.qa.test.dto.MovieDTOTest)" time="0.002" classname="com.qa.test.dto.MovieDTOTest"/>
  <testcase name="movieDTONameNullButOtherNameNotNull on movieDTONameNullButOtherNameNotNull(com.qa.test.dto.MovieDTOTest)" time="0.002" classname="com.qa.test.dto.MovieDTOTest"/>
  <testcase name="hashCodeTestWithNull on hashCodeTestWithNull(com.qa.test.dto.MovieDTOTest)" time="0.002" classname="com.qa.test.dto.MovieDTOTest"/>
  <testcase name="otherIdDifferent on otherIdDifferent(com.qa.test.dto.MovieDTOTest)" time="0.002" classname="com.qa.test.dto.MovieDTOTest"/>
  <testcase name="movieDTONamesNotEqual on movieDTONamesNotEqual(com.qa.test.dto.MovieDTOTest)" time="0.002" classname="com.qa.test.dto.MovieDTOTest"/>
  <testcase name="constructorWithoutId on constructorWithoutId(com.qa.test.dto.ShowTimeDTOTest)" time="0.0" classname="com.qa.test.dto.ShowTimeDTOTest"/>
  <testcase name="checkEqualityBetweenDifferentObjects on checkEqualityBetweenDifferentObjects(com.qa.test.dto.ShowTimeDTOTest)" time="0.0" classname="com.qa.test.dto.ShowTimeDTOTest"/>
  <testcase name="showTimeDTOTimesNotEqual on showTimeDTOTimesNotEqual(com.qa.test.dto.ShowTimeDTOTest)" time="0.0" classname="com.qa.test.dto.ShowTimeDTOTest"/>
  <testcase name="checkEquality on checkEquality(com.qa.test.dto.ShowTimeDTOTest)" time="0.001" classname="com.qa.test.dto.ShowTimeDTOTest"/>
  <testcase name="nullId on nullId(com.qa.test.dto.ShowTimeDTOTest)" time="0.001" classname="com.qa.test.dto.ShowTimeDTOTest"/>
  <testcase name="equalsWithNull on equalsWithNull(com.qa.test.dto.ShowTimeDTOTest)" time="0.001" classname="com.qa.test.dto.ShowTimeDTOTest"/>
  <testcase name="nullIdOnBoth on nullIdOnBoth(com.qa.test.dto.ShowTimeDTOTest)" time="0.001" classname="com.qa.test.dto.ShowTimeDTOTest"/>
  <testcase name="equalsWithDifferentObject on equalsWithDifferentObject(com.qa.test.dto.ShowTimeDTOTest)" time="0.001" classname="com.qa.test.dto.ShowTimeDTOTest"/>
  <testcase name="settersTest on settersTest(com.qa.test.dto.ShowTimeDTOTest)" time="0.001" classname="com.qa.test.dto.ShowTimeDTOTest"/>
  <testcase name="showTimeDTOTimeNullButOtherNameNotNull on showTimeDTOTimeNullButOtherNameNotNull(com.qa.test.dto.ShowTimeDTOTest)" time="0.001" classname="com.qa.test.dto.ShowTimeDTOTest"/>
  <testcase name="checkEqualityBetweenDifferentObjectsNullTimes on checkEqualityBetweenDifferentObjectsNullTimes(com.qa.test.dto.ShowTimeDTOTest)" time="0.001" classname="com.qa.test.dto.ShowTimeDTOTest"/>
  <testcase name="hashCodeTest on hashCodeTest(com.qa.test.dto.ShowTimeDTOTest)" time="0.001" classname="com.qa.test.dto.ShowTimeDTOTest"/>
  <testcase name="createShowTimeDTOWithId on createShowTimeDTOWithId(com.qa.test.dto.ShowTimeDTOTest)" time="0.001" classname="com.qa.test.dto.ShowTimeDTOTest"/>
  <testcase name="hashCodeTestWithNull on hashCodeTestWithNull(com.qa.test.dto.ShowTimeDTOTest)" time="0.002" classname="com.qa.test.dto.ShowTimeDTOTest"/>
  <testcase name="otherIdDifferent on otherIdDifferent(com.qa.test.dto.ShowTimeDTOTest)" time="0.002" classname="com.qa.test.dto.ShowTimeDTOTest"/>
  <testcase name="makeBooking on makeBooking(com.qa.test.selenium.tests.BookingTest)" time="19.482" classname="com.qa.test.selenium.tests.BookingTest"/>
  <testcase name="testEighteenRedirect on testEighteenRedirect(com.qa.test.selenium.tests.ClassificationPageTest)" time="9.54" classname="com.qa.test.selenium.tests.ClassificationPageTest"/>
  <testcase name="testUniversalRedirect on testUniversalRedirect(com.qa.test.selenium.tests.ClassificationPageTest)" time="13.88" classname="com.qa.test.selenium.tests.ClassificationPageTest"/>
  <testcase name="testFifteenRedirect on testFifteenRedirect(com.qa.test.selenium.tests.ClassificationPageTest)" time="18.255" classname="com.qa.test.selenium.tests.ClassificationPageTest"/>
  <testcase name="testTwelveRedirect on testTwelveRedirect(com.qa.test.selenium.tests.ClassificationPageTest)" time="22.559" classname="com.qa.test.selenium.tests.ClassificationPageTest"/>
  <testcase name="testClassificationTitle on testClassificationTitle(com.qa.test.selenium.tests.ClassificationPageTest)" time="22.836" classname="com.qa.test.selenium.tests.ClassificationPageTest"/>
  <testcase name="testParentalRedirect on testParentalRedirect(com.qa.test.selenium.tests.ClassificationPageTest)" time="26.98" classname="com.qa.test.selenium.tests.ClassificationPageTest"/>
  <testcase name="testTBCRedirect on testTBCRedirect(com.qa.test.selenium.tests.ClassificationPageTest)" time="31.272" classname="com.qa.test.selenium.tests.ClassificationPageTest"/>
  <testcase name="detailsBookingClick on detailsBookingClick(com.qa.test.selenium.tests.DetailsPageTest)" time="6.015" classname="com.qa.test.selenium.tests.DetailsPageTest"/>
  <testcase name="detailsAgeRateClick on detailsAgeRateClick(com.qa.test.selenium.tests.DetailsPageTest)" time="6.43" classname="com.qa.test.selenium.tests.DetailsPageTest"/>
  <testcase name="detailsHDClick on detailsHDClick(com.qa.test.selenium.tests.DetailsPageTest)" time="7.385" classname="com.qa.test.selenium.tests.DetailsPageTest"/>
  <testcase name="FooterEmailLinkTest on FooterEmailLinkTest(com.qa.test.selenium.tests.FooterTest)" time="7.66" classname="com.qa.test.selenium.tests.FooterTest"/>
  <testcase name="FooterSecurityTest on FooterSecurityTest(com.qa.test.selenium.tests.FooterTest)" time="9.864" classname="com.qa.test.selenium.tests.FooterTest"/>
  <testcase name="FooterTermsTest on FooterTermsTest(com.qa.test.selenium.tests.FooterTest)" time="12.31" classname="com.qa.test.selenium.tests.FooterTest"/>
  <testcase name="FooterAboutTest on FooterAboutTest(com.qa.test.selenium.tests.FooterTest)" time="14.988" classname="com.qa.test.selenium.tests.FooterTest"/>
  <testcase name="FooterContactTest on FooterContactTest(com.qa.test.selenium.tests.FooterTest)" time="17.312" classname="com.qa.test.selenium.tests.FooterTest"/>
  <testcase name="FooterNumberLinkTest on FooterNumberLinkTest(com.qa.test.selenium.tests.FooterTest)" time="19.594" classname="com.qa.test.selenium.tests.FooterTest"/>
  <testcase name="FooterHomeTest on FooterHomeTest(com.qa.test.selenium.tests.FooterTest)" time="23.683" classname="com.qa.test.selenium.tests.FooterTest"/>
  <testcase name="FooterTwitterLinkTest on FooterTwitterLinkTest(com.qa.test.selenium.tests.FooterTest)" time="26.994" classname="com.qa.test.selenium.tests.FooterTest"/>
  <testcase name="FooterPrivacyTest on FooterPrivacyTest(com.qa.test.selenium.tests.FooterTest)" time="29.785" classname="com.qa.test.selenium.tests.FooterTest"/>
  <testcase name="inappropriateAlertUserName on inappropriateAlertUserName(com.qa.test.selenium.tests.ForumPageTest)" time="9.87" classname="com.qa.test.selenium.tests.ForumPageTest"/>
  <testcase name="inappropriateAlertComment on inappropriateAlertComment(com.qa.test.selenium.tests.ForumPageTest)" time="14.265" classname="com.qa.test.selenium.tests.ForumPageTest"/>
  <testcase name="postComment on postComment(com.qa.test.selenium.tests.ForumPageTest)" time="19.728" classname="com.qa.test.selenium.tests.ForumPageTest"/>
  <testcase name="readCommentAfterPost on readCommentAfterPost(com.qa.test.selenium.tests.ForumPageTest)" time="25.205" classname="com.qa.test.selenium.tests.ForumPageTest"/>
  <testcase name="testResetButtonPresent on testResetButtonPresent(com.qa.test.selenium.tests.GalleryPageTest)" time="10.617" classname="com.qa.test.selenium.tests.GalleryPageTest"/>
  <testcase name="FeaturedMovieAppearsTest on FeaturedMovieAppearsTest(com.qa.test.selenium.tests.HomePageTest)" time="10.498" classname="com.qa.test.selenium.tests.HomePageTest"/>
  <testcase name="featuredClassificationClick on featuredClassificationClick(com.qa.test.selenium.tests.HomePageTest)" time="15.793" classname="com.qa.test.selenium.tests.HomePageTest"/>
  <testcase name="ComingSoonClickTest on ComingSoonClickTest(com.qa.test.selenium.tests.HomePageTest)" time="21.363" classname="com.qa.test.selenium.tests.HomePageTest"/>
  <testcase name="SoonClassificationClick on SoonClassificationClick(com.qa.test.selenium.tests.HomePageTest)" time="26.786" classname="com.qa.test.selenium.tests.HomePageTest"/>
  <testcase name="featuredTitleClick on featuredTitleClick(com.qa.test.selenium.tests.HomePageTest)" time="32.214" classname="com.qa.test.selenium.tests.HomePageTest"/>
  <testcase name="FeaturedPlayClick on FeaturedPlayClick(com.qa.test.selenium.tests.HomePageTest)" time="37.57" classname="com.qa.test.selenium.tests.HomePageTest"/>
  <testcase name="ComingTitleClick on ComingTitleClick(com.qa.test.selenium.tests.HomePageTest)" time="43.181" classname="com.qa.test.selenium.tests.HomePageTest"/>
  <testcase name="ComingSoonAppearsTest on ComingSoonAppearsTest(com.qa.test.selenium.tests.HomePageTest)" time="48.54" classname="com.qa.test.selenium.tests.HomePageTest"/>
  <testcase name="ComingSoonBreadcrumbTest on ComingSoonBreadcrumbTest(com.qa.test.selenium.tests.MovieComingTest)" time="13.119" classname="com.qa.test.selenium.tests.MovieComingTest"/>
  <testcase name="comingSoonClickReset on comingSoonClickReset(com.qa.test.selenium.tests.MovieComingTest)" time="18.232" classname="com.qa.test.selenium.tests.MovieComingTest"/>
  <testcase name="comingSoonClickTitleTest on comingSoonClickTitleTest(com.qa.test.selenium.tests.MovieComingTest)" time="23.446" classname="com.qa.test.selenium.tests.MovieComingTest"/>
  <testcase name="comingSoonClickPlay on comingSoonClickPlay(com.qa.test.selenium.tests.MovieComingTest)" time="28.672" classname="com.qa.test.selenium.tests.MovieComingTest"/>
  <testcase name="showMoreClickTest on showMoreClickTest(com.qa.test.selenium.tests.MovieTest)" time="10.764" classname="com.qa.test.selenium.tests.MovieTest"/>
  <testcase name="ShowingBreadcrumbTest on ShowingBreadcrumbTest(com.qa.test.selenium.tests.MovieTest)" time="16.182" classname="com.qa.test.selenium.tests.MovieTest"/>
  <testcase name="expectedPlayClick on expectedPlayClick(com.qa.test.selenium.tests.MovieTest)" time="21.526" classname="com.qa.test.selenium.tests.MovieTest"/>
  <testcase name="showingTitleClick on showingTitleClick(com.qa.test.selenium.tests.MovieTest)" time="26.959" classname="com.qa.test.selenium.tests.MovieTest"/>
  <testcase name="showingPlayClick on showingPlayClick(com.qa.test.selenium.tests.MovieTest)" time="32.289" classname="com.qa.test.selenium.tests.MovieTest"/>
  <testcase name="testRelease on testRelease(com.qa.test.selenium.tests.MovieTest)" time="38.052" classname="com.qa.test.selenium.tests.MovieTest"/>
  <testcase name="expectedTitleClick on expectedTitleClick(com.qa.test.selenium.tests.MovieTest)" time="43.494" classname="com.qa.test.selenium.tests.MovieTest"/>
  <testcase name="expectedCertififClick on expectedCertififClick(com.qa.test.selenium.tests.MovieTest)" time="48.902" classname="com.qa.test.selenium.tests.MovieTest"/>
  <testcase name="testFilter on testFilter(com.qa.test.selenium.tests.MovieTest)" time="54.429" classname="com.qa.test.selenium.tests.MovieTest"/>
  <testcase name="showingCertififClick on showingCertififClick(com.qa.test.selenium.tests.MovieTest)" time="59.806" classname="com.qa.test.selenium.tests.MovieTest"/>
  <testcase name="testRating on testRating(com.qa.test.selenium.tests.MovieTest)" time="65.364" classname="com.qa.test.selenium.tests.MovieTest"/>
  <testcase name="testAboutNav on testAboutNav(com.qa.test.selenium.tests.NavBarPageTest)" time="7.668" classname="com.qa.test.selenium.tests.NavBarPageTest"/>
  <testcase name="testSearchNav on testSearchNav(com.qa.test.selenium.tests.NavBarPageTest)" time="9.058" classname="com.qa.test.selenium.tests.NavBarPageTest"/>
  <testcase name="testScreensNav on testScreensNav(com.qa.test.selenium.tests.NavBarPageTest)" time="11.57" classname="com.qa.test.selenium.tests.NavBarPageTest"/>
  <testcase name="testMoviesComingNav on testMoviesComingNav(com.qa.test.selenium.tests.NavBarPageTest)" time="13.707" classname="com.qa.test.selenium.tests.NavBarPageTest"/>
  <testcase name="testPlanningToDoNav on testPlanningToDoNav(com.qa.test.selenium.tests.NavBarPageTest)" time="16.253" classname="com.qa.test.selenium.tests.NavBarPageTest"/>
  <testcase name="testPlanningTripNav on testPlanningTripNav(com.qa.test.selenium.tests.NavBarPageTest)" time="19.256" classname="com.qa.test.selenium.tests.NavBarPageTest"/>
  <testcase name="testMoviesShowingNav on testMoviesShowingNav(com.qa.test.selenium.tests.NavBarPageTest)" time="21.506" classname="com.qa.test.selenium.tests.NavBarPageTest"/>
  <testcase name="testExtendedContact on testExtendedContact(com.qa.test.selenium.tests.NavBarPageTest)" time="23.482" classname="com.qa.test.selenium.tests.NavBarPageTest"/>
  <testcase name="testResetButton on testResetButton(com.qa.test.selenium.tests.SearchPageTest)" time="10.888" classname="com.qa.test.selenium.tests.SearchPageTest"/>
  <testcase name="testSearchNot1 on testSearchNot1(com.qa.test.selenium.tests.SearchPageTest)" time="16.094" classname="com.qa.test.selenium.tests.SearchPageTest"/>
  <testcase name="testGenre on testGenre(com.qa.test.selenium.tests.SearchPageTest)" time="21.861" classname="com.qa.test.selenium.tests.SearchPageTest"/>
  <testcase name="testMovieGalleryClassificationLink on testMovieGalleryClassificationLink(com.qa.test.selenium.tests.SearchPageTest)" time="27.182" classname="com.qa.test.selenium.tests.SearchPageTest"/>
  <testcase name="testShowMoreButton on testShowMoreButton(com.qa.test.selenium.tests.SearchPageTest)" time="32.695" classname="com.qa.test.selenium.tests.SearchPageTest"/>
  <testcase name="testMovieGalleryPlayButtonLink on testMovieGalleryPlayButtonLink(com.qa.test.selenium.tests.SearchPageTest)" time="38.751" classname="com.qa.test.selenium.tests.SearchPageTest"/>
  <testcase name="testFeatureMovieGalleryTitleLink on testFeatureMovieGalleryTitleLink(com.qa.test.selenium.tests.SearchPageTest)" time="44.41" classname="com.qa.test.selenium.tests.SearchPageTest"/>
  <testcase name="testRelease on testRelease(com.qa.test.selenium.tests.SearchPageTest)" time="50.001" classname="com.qa.test.selenium.tests.SearchPageTest"/>
  <testcase name="testFilter on testFilter(com.qa.test.selenium.tests.SearchPageTest)" time="55.476" classname="com.qa.test.selenium.tests.SearchPageTest"/>
  <testcase name="testSearch1 on testSearch1(com.qa.test.selenium.tests.SearchPageTest)" time="61.366" classname="com.qa.test.selenium.tests.SearchPageTest"/>
  <testcase name="testMovieGalleryTitleLink on testMovieGalleryTitleLink(com.qa.test.selenium.tests.SearchPageTest)" time="66.856" classname="com.qa.test.selenium.tests.SearchPageTest"/>
  <testcase name="testRating on testRating(com.qa.test.selenium.tests.SearchPageTest)" time="72.336" classname="com.qa.test.selenium.tests.SearchPageTest"/>
  <testcase name="findBookingByIDTest on findBookingByIDTest(com.qa.test.service.BookingServiceIntegrationTest)" time="0.167" classname="com.qa.test.service.BookingServiceIntegrationTest"/>
  <testcase name="deleteBookingTest on deleteBookingTest(com.qa.test.service.BookingServiceIntegrationTest)" time="0.17" classname="com.qa.test.service.BookingServiceIntegrationTest"/>
  <testcase name="readBookingsTest on readBookingsTest(com.qa.test.service.BookingServiceIntegrationTest)" time="0.173" classname="com.qa.test.service.BookingServiceIntegrationTest"/>
  <testcase name="updateBookingsTest on updateBookingsTest(com.qa.test.service.BookingServiceIntegrationTest)" time="0.177" classname="com.qa.test.service.BookingServiceIntegrationTest"/>
  <testcase name="createBookingTest on createBookingTest(com.qa.test.service.BookingServiceIntegrationTest)" time="0.18" classname="com.qa.test.service.BookingServiceIntegrationTest"/>
  <testcase name="findBookingByIDTest on findBookingByIDTest(com.qa.test.service.BookingServiceUnitTest)" time="0.004" classname="com.qa.test.service.BookingServiceUnitTest"/>
  <testcase name="deleteBookingTest on deleteBookingTest(com.qa.test.service.BookingServiceUnitTest)" time="0.007" classname="com.qa.test.service.BookingServiceUnitTest"/>
  <testcase name="readBookingsTest on readBookingsTest(com.qa.test.service.BookingServiceUnitTest)" time="0.01" classname="com.qa.test.service.BookingServiceUnitTest"/>
  <testcase name="updateBookingsTest on updateBookingsTest(com.qa.test.service.BookingServiceUnitTest)" time="0.014" classname="com.qa.test.service.BookingServiceUnitTest"/>
  <testcase name="createBookingTest on createBookingTest(com.qa.test.service.BookingServiceUnitTest)" time="0.018" classname="com.qa.test.service.BookingServiceUnitTest"/>
  <testcase name="testDeleteComment on testDeleteComment(com.qa.test.service.CommentServiceIntegrationTest)" time="1.102" classname="com.qa.test.service.CommentServiceIntegrationTest"/>
  <testcase name="testReadComments on testReadComments(com.qa.test.service.CommentServiceIntegrationTest)" time="1.119" classname="com.qa.test.service.CommentServiceIntegrationTest"/>
  <testcase name="testFindCommentByID on testFindCommentByID(com.qa.test.service.CommentServiceIntegrationTest)" time="1.127" classname="com.qa.test.service.CommentServiceIntegrationTest"/>
  <testcase name="testCreateComment on testCreateComment(com.qa.test.service.CommentServiceIntegrationTest)" time="1.134" classname="com.qa.test.service.CommentServiceIntegrationTest"/>
  <testcase name="testUpdateComment on testUpdateComment(com.qa.test.service.CommentServiceIntegrationTest)" time="1.14" classname="com.qa.test.service.CommentServiceIntegrationTest"/>
  <testcase name="deleteCommentTest on deleteCommentTest(com.qa.test.service.CommentServiceUnitTest)" time="0.033" classname="com.qa.test.service.CommentServiceUnitTest"/>
  <testcase name="createCommentTest on createCommentTest(com.qa.test.service.CommentServiceUnitTest)" time="0.035" classname="com.qa.test.service.CommentServiceUnitTest"/>
  <testcase name="findCommentByIDTest on findCommentByIDTest(com.qa.test.service.CommentServiceUnitTest)" time="0.037" classname="com.qa.test.service.CommentServiceUnitTest"/>
  <testcase name="readCommentsTest on readCommentsTest(com.qa.test.service.CommentServiceUnitTest)" time="0.039" classname="com.qa.test.service.CommentServiceUnitTest"/>
  <testcase name="updateCommentsTest on updateCommentsTest(com.qa.test.service.CommentServiceUnitTest)" time="0.042" classname="com.qa.test.service.CommentServiceUnitTest"/>
  <testcase name="testDeleteMovie on testDeleteMovie(com.qa.test.service.MovieServiceIntegrationTest)" time="0.025" classname="com.qa.test.service.MovieServiceIntegrationTest"/>
  <testcase name="testReadMovies on testReadMovies(com.qa.test.service.MovieServiceIntegrationTest)" time="0.032" classname="com.qa.test.service.MovieServiceIntegrationTest"/>
  <testcase name="testUpdateMovie on testUpdateMovie(com.qa.test.service.MovieServiceIntegrationTest)" time="0.039" classname="com.qa.test.service.MovieServiceIntegrationTest"/>
  <testcase name="testCreateMovie on testCreateMovie(com.qa.test.service.MovieServiceIntegrationTest)" time="0.045" classname="com.qa.test.service.MovieServiceIntegrationTest"/>
  <testcase name="testFindMovieByID on testFindMovieByID(com.qa.test.service.MovieServiceIntegrationTest)" time="0.052" classname="com.qa.test.service.MovieServiceIntegrationTest"/>
  <testcase name="readMoviesTest on readMoviesTest(com.qa.test.service.MovieServiceUnitTest)" time="0.029" classname="com.qa.test.service.MovieServiceUnitTest"/>
  <testcase name="createMovieTest on createMovieTest(com.qa.test.service.MovieServiceUnitTest)" time="0.032" classname="com.qa.test.service.MovieServiceUnitTest"/>
  <testcase name="findMovieByIDTest on findMovieByIDTest(com.qa.test.service.MovieServiceUnitTest)" time="0.035" classname="com.qa.test.service.MovieServiceUnitTest"/>
  <testcase name="updateMoviesTest on updateMoviesTest(com.qa.test.service.MovieServiceUnitTest)" time="0.038" classname="com.qa.test.service.MovieServiceUnitTest"/>
  <testcase name="deleteMovieTest on deleteMovieTest(com.qa.test.service.MovieServiceUnitTest)" time="0.042" classname="com.qa.test.service.MovieServiceUnitTest"/>
  <testcase name="testReadShowTimes on testReadShowTimes(com.qa.test.service.ShowTimeServiceIntegrationTest)" time="0.03" classname="com.qa.test.service.ShowTimeServiceIntegrationTest"/>
  <testcase name="testUpdateShowTime on testUpdateShowTime(com.qa.test.service.ShowTimeServiceIntegrationTest)" time="0.04" classname="com.qa.test.service.ShowTimeServiceIntegrationTest"/>
  <testcase name="testCreateShowTime on testCreateShowTime(com.qa.test.service.ShowTimeServiceIntegrationTest)" time="0.044" classname="com.qa.test.service.ShowTimeServiceIntegrationTest"/>
  <testcase name="testFindShowTimeByID on testFindShowTimeByID(com.qa.test.service.ShowTimeServiceIntegrationTest)" time="0.049" classname="com.qa.test.service.ShowTimeServiceIntegrationTest"/>
  <testcase name="testDeleteShowTime on testDeleteShowTime(com.qa.test.service.ShowTimeServiceIntegrationTest)" time="0.06" classname="com.qa.test.service.ShowTimeServiceIntegrationTest"/>
  <testcase name="createShowTimeTest on createShowTimeTest(com.qa.test.service.ShowTimeServiceUnitTest)" time="0.035" classname="com.qa.test.service.ShowTimeServiceUnitTest"/>
  <testcase name="updateShowTimesTest on updateShowTimesTest(com.qa.test.service.ShowTimeServiceUnitTest)" time="0.039" classname="com.qa.test.service.ShowTimeServiceUnitTest"/>
  <testcase name="deleteShowTimeTest on deleteShowTimeTest(com.qa.test.service.ShowTimeServiceUnitTest)" time="0.043" classname="com.qa.test.service.ShowTimeServiceUnitTest"/>
  <testcase name="readShowTimesTest on readShowTimesTest(com.qa.test.service.ShowTimeServiceUnitTest)" time="0.049" classname="com.qa.test.service.ShowTimeServiceUnitTest"/>
  <testcase name="findShowTimeByIDTest on findShowTimeByIDTest(com.qa.test.service.ShowTimeServiceUnitTest)" time="0.054" classname="com.qa.test.service.ShowTimeServiceUnitTest"/>
</testsuite> <!-- Surefire test -->
